\BOOKMARK [0][-]{chapter.1}{Introduction}{}% 1
\BOOKMARK [1][-]{section.1.1}{Timeline}{chapter.1}% 2
\BOOKMARK [1][-]{section.1.2}{Thesis TDL}{chapter.1}% 3
\BOOKMARK [1][-]{section.1.3}{Introduction}{chapter.1}% 4
\BOOKMARK [1][-]{section.1.4}{The two-body problem in General Relativity}{chapter.1}% 5
\BOOKMARK [1][-]{section.1.5}{The initial value problem in Numerical Relativity}{chapter.1}% 6
\BOOKMARK [1][-]{section.1.6}{Binary Neutron Star Systems}{chapter.1}% 7
\BOOKMARK [0][-]{chapter.2}{Binary Neutron Stars with Arbitrary Spins in Numerical Relativity}{}% 8
\BOOKMARK [1][-]{section.2.1}{Chapter Overview}{chapter.2}% 9
\BOOKMARK [1][-]{section.2.2}{Introduction}{chapter.2}% 10
\BOOKMARK [1][-]{section.2.3}{Methodology}{chapter.2}% 11
\BOOKMARK [2][-]{subsection.2.3.1}{Formalism for irrotational binaries}{section.2.3}% 12
\BOOKMARK [2][-]{subsection.2.3.2}{Formalism for Spinning Binaries}{section.2.3}% 13
\BOOKMARK [2][-]{subsection.2.3.3}{Solving the elliptic equations}{section.2.3}% 14
\BOOKMARK [2][-]{subsection.2.3.4}{Construction of quasi-equilibrium initial data}{section.2.3}% 15
\BOOKMARK [2][-]{subsection.2.3.5}{Quasi-Local Angular Momentum}{section.2.3}% 16
\BOOKMARK [1][-]{section.2.4}{Initial Data Results}{chapter.2}% 17
\BOOKMARK [2][-]{subsection.2.4.1}{Convergence of the Iterative Procedure}{section.2.4}% 18
\BOOKMARK [2][-]{subsection.2.4.2}{Convergence of the Solution}{section.2.4}% 19
\BOOKMARK [2][-]{subsection.2.4.3}{Convergence of the quasi-local spin}{section.2.4}% 20
\BOOKMARK [2][-]{subsection.2.4.4}{Quasi-local Spin}{section.2.4}% 21
\BOOKMARK [1][-]{section.2.5}{Evolution Results}{chapter.2}% 22
\BOOKMARK [2][-]{subsection.2.5.1}{Evolution Code}{section.2.5}% 23
\BOOKMARK [2][-]{subsection.2.5.2}{Eccentricity Removal}{section.2.5}% 24
\BOOKMARK [2][-]{subsection.2.5.3}{Aligned spin BNS evolutions: NS Spin}{section.2.5}% 25
\BOOKMARK [2][-]{subsection.2.5.4}{Precession}{section.2.5}% 26
\BOOKMARK [2][-]{subsection.2.5.5}{Stellar Oscillations}{section.2.5}% 27
\BOOKMARK [1][-]{section.2.6}{Discussion}{chapter.2}% 28
\BOOKMARK [0][-]{chapter.3}{Initial Data for Spinning Neutron Stars in Mixed Binaries}{}% 29
\BOOKMARK [1][-]{section.3.1}{Introduction}{chapter.3}% 30
\BOOKMARK [1][-]{section.3.2}{Initial Data Formalism}{chapter.3}% 31
\BOOKMARK [1][-]{section.3.3}{Numerical Methods}{chapter.3}% 32
\BOOKMARK [1][-]{section.3.4}{Results}{chapter.3}% 33
\BOOKMARK [2][-]{subsection.3.4.1}{Initial Data Set Parameters}{section.3.4}% 34
\BOOKMARK [2][-]{subsection.3.4.2}{Convergence of the Initial Data Solver}{section.3.4}% 35
\BOOKMARK [2][-]{subsection.3.4.3}{Other Initial Data Sequences}{section.3.4}% 36
\BOOKMARK [1][-]{section.3.5}{Conclusion}{chapter.3}% 37
\BOOKMARK [0][-]{chapter.4}{Junk Radiation in Binary Black Hole Simulations}{}% 38
\BOOKMARK [1][-]{section.4.1}{Chapter Overview}{chapter.4}% 39
\BOOKMARK [1][-]{section.4.2}{Chapter TDL}{chapter.4}% 40
\BOOKMARK [1][-]{section.4.3}{Introduction}{chapter.4}% 41
\BOOKMARK [1][-]{section.4.4}{Numerical Methods}{chapter.4}% 42
\BOOKMARK [2][-]{subsection.4.4.1}{The Initial Value Problem}{section.4.4}% 43
\BOOKMARK [2][-]{subsection.4.4.2}{Code}{section.4.4}% 44
\BOOKMARK [2][-]{subsection.4.4.3}{Eccentricity Reduction}{section.4.4}% 45
\BOOKMARK [2][-]{subsection.4.4.4}{Simulations}{section.4.4}% 46
\BOOKMARK [1][-]{section.4.5}{Methodology}{chapter.4}% 47
\BOOKMARK [2][-]{subsection.4.5.1}{Pulse in the Gravitational Waveform}{section.4.5}% 48
\BOOKMARK [2][-]{subsection.4.5.2}{Uncertainty in EJ}{section.4.5}% 49
\BOOKMARK [2][-]{subsection.4.5.3}{Transient behaviour in Black Hole quantities}{section.4.5}% 50
\BOOKMARK [1][-]{section.4.6}{Results}{chapter.4}% 51
\BOOKMARK [2][-]{subsection.4.6.1}{Energy in Junk Radiation}{section.4.6}% 52
\BOOKMARK [2][-]{subsection.4.6.2}{Mass Increase}{section.4.6}% 53
\BOOKMARK [2][-]{subsection.4.6.3}{Spin Decrease}{section.4.6}% 54
\BOOKMARK [1][-]{section.4.7}{Summary }{chapter.4}% 55
\BOOKMARK [0][-]{chapter.5}{Conclusions \046 Future Work}{}% 56
\BOOKMARK [1][-]{section.5.1}{Conclusions}{chapter.5}% 57
\BOOKMARK [1][-]{section.5.2}{Future Work and Directions}{chapter.5}% 58
\BOOKMARK [0][-]{section.5.2}{Bibliography}{}% 59
